<beans xmlns:xsi="http://www.w3.org/2001/XMLSchema-instance"
	xmlns="http://www.springframework.org/schema/beans" 
	xmlns:tx="http://www.springframework.org/schema/tx" 
	xmlns:context="http://www.springframework.org/schema/context"
	xmlns:aop="http://www.springframework.org/schema/aop" 
	xmlns:util="http://www.springframework.org/schema/util"
	xsi:schemaLocation="http://www.springframework.org/schema/beans
	http://www.springframework.org/schema/beans/spring-beans-4.1.xsd
	http://www.springframework.org/schema/tx
	http://www.springframework.org/schema/tx/spring-tx-4.1.xsd
	http://www.springframework.org/schema/context
	http://www.springframework.org/schema/context/spring-context-4.1.xsd
	http://www.springframework.org/schema/aop
	http://www.springframework.org/schema/aop/spring-aop-4.1.xsd
	http://www.springframework.org/schema/util
	http://www.springframework.org/schema/util/spring-util-4.1.xsd">
	
	<!-- Base Components -->
	<context:annotation-config />
	<context:component-scan base-package="com.kingdee.exam.judger" />
	
	<!-- Enable AspectJ style of Spring AOP -->
	<aop:aspectj-autoproxy />
	
	<!-- Property File Location -->
	<bean
		class="org.springframework.beans.factory.config.PropertyPlaceholderConfigurer">
		<property name="locations">
			<list>
				<value>classpath:/voj-test-windows.properties</value>
			</list>
		</property>
	</bean>
	<util:properties id="propertyConfigurer" location="classpath:/voj.properties" />
	<context:property-placeholder properties-ref="propertyConfigurer" />
	
	<!-- JDBC Data Source. It is assumed you have MySQL running on localhost 
		port 3306 with username root and blank password. Change below if it's not 
		the case -->
	<bean id="dataSource" class="com.alibaba.druid.pool.DruidDataSource"
		init-method="init" destroy-method="close">
		<property name="driverClassName" value="${jdbc.driverClassName}" />
		<property name="url" value="${jdbc.url}" />
		<property name="username" value="${jdbc.username}" />
		<property name="password" value="${jdbc.password}" />
		<property name="initialSize" value="${jdbc.initialSize}" />
		<property name="maxActive" value="${jdbc.maxActive}" />
		<property name="minIdle" value="${jdbc.minIdle}" />
		<property name="maxWait" value="${jdbc.maxWait}" />
		<property name="timeBetweenEvictionRunsMillis" value="${jdbc.timeBetweenEvictionRunsMillis}" />
		<property name="minEvictableIdleTimeMillis" value="${jdbc.minEvictableIdleTimeMillis}" />
		<property name="removeAbandoned" value="${jdbc.removeAbandoned}" />
		<property name="removeAbandonedTimeout" value="${jdbc.removeAbandonedTimeout}" />
		<property name="validationQuery" value="SELECT 1" />
	</bean>
	<bean id="sessionFactory" class="org.mybatis.spring.SqlSessionFactoryBean">
		<property name="dataSource" ref="dataSource" />
	</bean>
	<bean class="org.mybatis.spring.mapper.MapperScannerConfigurer">
		<property name="basePackage" value="com.kingdee.exam.judger.mapper" />
	</bean>
	<bean id="transactionManager"
		class="org.springframework.jdbc.datasource.DataSourceTransactionManager">
		<property name="dataSource" ref="dataSource" />
	</bean>
	<tx:annotation-driven/>
	
	<!-- Message Service -->
	<bean id="amqConnectionFactory" class="org.apache.activemq.ActiveMQConnectionFactory">
		<constructor-arg index="0" value="${jms.broker.url}" />
	</bean>
	<bean id="connectionFactory"
		class="org.springframework.jms.connection.CachingConnectionFactory">
		<constructor-arg ref="amqConnectionFactory" />
	</bean>
	<bean id="defaultDestination" class="org.apache.activemq.command.ActiveMQQueue">
		<constructor-arg index="0" value="vojMessageQueue" />
	</bean>
	<bean id="jmsTemplate" class="org.springframework.jms.core.JmsTemplate">
		<property name="connectionFactory" ref="connectionFactory" />
		<property name="defaultDestination" ref="defaultDestination" />
	</bean>
	<bean class="org.springframework.jms.listener.SimpleMessageListenerContainer">
		<property name="connectionFactory" ref="connectionFactory" />
		<property name="destinationName" value="vojMessageQueue" />
		<property name="messageListener" ref="messageReceiver" />
	</bean>
	<bean id="messageSender" class="com.kingdee.exam.judger.messenger.MessageSender"/>
	<bean id="messageReceiver" class="com.kingdee.exam.judger.messenger.MessageReceiver"/>
</beans>